TN:
SF:src/controllers/authController.ts
FN:21,(anonymous_1)
FN:106,(anonymous_2)
FN:168,(anonymous_3)
FN:218,(anonymous_4)
FN:267,(anonymous_5)
FNF:5
FNH:0
FNDA:0,(anonymous_1)
FNDA:0,(anonymous_2)
FNDA:0,(anonymous_3)
FNDA:0,(anonymous_4)
FNDA:0,(anonymous_5)
DA:8,0
DA:9,0
DA:10,0
DA:11,0
DA:15,0
DA:17,0
DA:22,0
DA:24,0
DA:27,0
DA:31,0
DA:32,0
DA:36,0
DA:40,0
DA:43,0
DA:44,0
DA:45,0
DA:46,0
DA:47,0
DA:51,0
DA:73,0
DA:79,0
DA:95,0
DA:96,0
DA:107,0
DA:108,0
DA:111,0
DA:115,0
DA:116,0
DA:120,0
DA:124,0
DA:125,0
DA:126,0
DA:130,0
DA:134,0
DA:140,0
DA:157,0
DA:158,0
DA:169,0
DA:170,0
DA:172,0
DA:176,0
DA:177,0
DA:181,0
DA:185,0
DA:186,0
DA:187,0
DA:192,0
DA:207,0
DA:208,0
DA:219,0
DA:220,0
DA:221,0
DA:223,0
DA:224,0
DA:225,0
DA:226,0
DA:227,0
DA:229,0
DA:230,0
DA:234,0
DA:237,0
DA:242,0
DA:256,0
DA:257,0
DA:268,0
DA:269,0
DA:270,0
DA:273,0
DA:277,0
DA:278,0
DA:282,0
DA:285,0
DA:286,0
DA:287,0
DA:291,0
DA:295,0
DA:297,0
DA:302,0
DA:307,0
DA:308,0
DA:316,0
LF:81
LH:0
BRDA:15,0,0,0
BRDA:15,0,1,0
BRDA:31,1,0,0
BRDA:31,1,1,0
BRDA:44,2,0,0
BRDA:44,2,1,0
BRDA:46,3,0,0
BRDA:46,3,1,0
BRDA:59,4,0,0
BRDA:59,4,1,0
BRDA:115,5,0,0
BRDA:115,5,1,0
BRDA:125,6,0,0
BRDA:125,6,1,0
BRDA:176,7,0,0
BRDA:176,7,1,0
BRDA:186,8,0,0
BRDA:186,8,1,0
BRDA:224,9,0,0
BRDA:224,9,1,0
BRDA:225,10,0,0
BRDA:225,10,1,0
BRDA:226,11,0,0
BRDA:226,11,1,0
BRDA:227,12,0,0
BRDA:227,12,1,0
BRDA:229,13,0,0
BRDA:229,13,1,0
BRDA:277,14,0,0
BRDA:277,14,1,0
BRDA:286,15,0,0
BRDA:286,15,1,0
BRF:32
BRH:0
end_of_record
TN:
SF:src/controllers/bookingController.ts
FN:13,(anonymous_0)
FN:40,(anonymous_1)
FN:47,(anonymous_2)
FN:130,(anonymous_3)
FN:199,(anonymous_4)
FN:313,(anonymous_5)
FN:456,(anonymous_6)
FNF:7
FNH:0
FNDA:0,(anonymous_0)
FNDA:0,(anonymous_1)
FNDA:0,(anonymous_2)
FNDA:0,(anonymous_3)
FNDA:0,(anonymous_4)
FNDA:0,(anonymous_5)
FNDA:0,(anonymous_6)
DA:8,0
DA:10,0
DA:11,0
DA:13,0
DA:36,0
DA:41,0
DA:48,0
DA:49,0
DA:50,0
DA:51,0
DA:53,0
DA:56,0
DA:57,0
DA:58,0
DA:60,0
DA:67,0
DA:68,0
DA:71,0
DA:111,0
DA:122,0
DA:123,0
DA:131,0
DA:132,0
DA:133,0
DA:135,0
DA:165,0
DA:166,0
DA:169,0
DA:173,0
DA:174,0
DA:175,0
DA:176,0
DA:178,0
DA:180,0
DA:183,0
DA:184,0
DA:185,0
DA:189,0
DA:191,0
DA:192,0
DA:200,0
DA:201,0
DA:202,0
DA:205,0
DA:209,0
DA:210,0
DA:211,0
DA:214,0
DA:215,0
DA:219,0
DA:223,0
DA:224,0
DA:228,0
DA:229,0
DA:233,0
DA:238,0
DA:239,0
DA:240,0
DA:243,0
DA:244,0
DA:249,0
DA:252,0
DA:266,0
DA:269,0
DA:270,0
DA:274,0
DA:276,0
DA:286,0
DA:287,0
DA:288,0
DA:299,0
DA:305,0
DA:306,0
DA:314,0
DA:315,0
DA:316,0
DA:317,0
DA:320,0
DA:327,0
DA:328,0
DA:331,0
DA:335,0
DA:336,0
DA:337,0
DA:338,0
DA:340,0
DA:342,0
DA:345,0
DA:346,0
DA:347,0
DA:352,0
DA:361,0
DA:362,0
DA:363,0
DA:367,0
DA:370,0
DA:378,0
DA:379,0
DA:380,0
DA:383,0
DA:384,0
DA:389,0
DA:401,0
DA:402,0
DA:405,0
DA:406,0
DA:420,0
DA:425,0
DA:427,0
DA:428,0
DA:429,0
DA:442,0
DA:448,0
DA:449,0
DA:457,0
DA:458,0
DA:459,0
DA:461,0
DA:465,0
DA:466,0
DA:469,0
DA:473,0
DA:474,0
DA:475,0
DA:479,0
DA:480,0
DA:484,0
DA:487,0
DA:495,0
DA:496,0
DA:499,0
DA:500,0
DA:503,0
DA:504,0
DA:509,0
DA:519,0
DA:520,0
DA:523,0
DA:524,0
DA:535,0
DA:537,0
DA:538,0
DA:543,0
LF:143
LH:0
BRDA:15,0,0,0
BRDA:15,0,1,0
BRDA:15,0,2,0
BRDA:16,1,0,0
BRDA:16,1,1,0
BRDA:16,1,2,0
BRDA:17,2,0,0
BRDA:17,2,1,0
BRDA:17,2,2,0
BRDA:18,3,0,0
BRDA:18,3,1,0
BRDA:18,3,2,0
BRDA:19,4,0,0
BRDA:19,4,1,0
BRDA:19,4,2,0
BRDA:20,5,0,0
BRDA:20,5,1,0
BRDA:24,6,0,0
BRDA:24,6,1,0
BRDA:25,7,0,0
BRDA:25,7,1,0
BRDA:26,8,0,0
BRDA:26,8,1,0
BRDA:26,8,2,0
BRDA:27,9,0,0
BRDA:27,9,1,0
BRDA:27,9,2,0
BRDA:28,10,0,0
BRDA:28,10,1,0
BRDA:28,10,2,0
BRDA:29,11,0,0
BRDA:29,11,1,0
BRDA:29,11,2,0
BRDA:50,12,0,0
BRDA:50,13,0,0
BRDA:56,14,0,0
BRDA:56,14,1,0
BRDA:56,15,0,0
BRDA:56,15,1,0
BRDA:58,16,0,0
BRDA:58,16,1,0
BRDA:58,17,0,0
BRDA:58,17,1,0
BRDA:67,18,0,0
BRDA:67,18,1,0
BRDA:165,19,0,0
BRDA:165,19,1,0
BRDA:173,20,0,0
BRDA:173,20,1,0
BRDA:173,21,0,0
BRDA:173,21,1,0
BRDA:174,22,0,0
BRDA:174,22,1,0
BRDA:178,23,0,0
BRDA:178,23,1,0
BRDA:178,24,0,0
BRDA:178,24,1,0
BRDA:183,25,0,0
BRDA:183,25,1,0
BRDA:209,26,0,0
BRDA:209,26,1,0
BRDA:214,27,0,0
BRDA:214,27,1,0
BRDA:223,28,0,0
BRDA:223,28,1,0
BRDA:228,29,0,0
BRDA:228,29,1,0
BRDA:239,30,0,0
BRDA:239,30,1,0
BRDA:243,31,0,0
BRDA:243,31,1,0
BRDA:249,32,0,0
BRDA:249,32,1,0
BRDA:252,33,0,0
BRDA:252,33,1,0
BRDA:257,34,0,0
BRDA:257,34,1,0
BRDA:263,35,0,0
BRDA:263,35,1,0
BRDA:269,36,0,0
BRDA:269,36,1,0
BRDA:274,37,0,0
BRDA:274,37,1,0
BRDA:327,38,0,0
BRDA:327,38,1,0
BRDA:335,39,0,0
BRDA:335,39,1,0
BRDA:335,40,0,0
BRDA:335,40,1,0
BRDA:336,41,0,0
BRDA:336,41,1,0
BRDA:340,42,0,0
BRDA:340,42,1,0
BRDA:340,43,0,0
BRDA:340,43,1,0
BRDA:345,44,0,0
BRDA:345,44,1,0
BRDA:362,45,0,0
BRDA:362,45,1,0
BRDA:379,46,0,0
BRDA:379,46,1,0
BRDA:383,47,0,0
BRDA:383,47,1,0
BRDA:393,48,0,0
BRDA:393,48,1,0
BRDA:393,49,0,0
BRDA:393,49,1,0
BRDA:401,50,0,0
BRDA:401,50,1,0
BRDA:405,51,0,0
BRDA:405,51,1,0
BRDA:410,52,0,0
BRDA:410,52,1,0
BRDA:410,53,0,0
BRDA:410,53,1,0
BRDA:425,54,0,0
BRDA:425,54,1,0
BRDA:433,55,0,0
BRDA:433,55,1,0
BRDA:433,56,0,0
BRDA:433,56,1,0
BRDA:465,57,0,0
BRDA:465,57,1,0
BRDA:473,58,0,0
BRDA:473,58,1,0
BRDA:473,59,0,0
BRDA:473,59,1,0
BRDA:479,60,0,0
BRDA:479,60,1,0
BRDA:499,61,0,0
BRDA:499,61,1,0
BRDA:503,62,0,0
BRDA:503,62,1,0
BRDA:519,63,0,0
BRDA:519,63,1,0
BRDA:523,64,0,0
BRDA:523,64,1,0
BRF:137
BRH:0
end_of_record
TN:
SF:src/controllers/categoryController.ts
FN:14,(anonymous_0)
FN:43,(anonymous_1)
FN:84,(anonymous_2)
FN:118,(anonymous_3)
FN:171,(anonymous_4)
FN:216,(anonymous_5)
FN:259,(anonymous_6)
FNF:7
FNH:0
FNDA:0,(anonymous_0)
FNDA:0,(anonymous_1)
FNDA:0,(anonymous_2)
FNDA:0,(anonymous_3)
FNDA:0,(anonymous_4)
FNDA:0,(anonymous_5)
FNDA:0,(anonymous_6)
DA:8,0
DA:10,0
DA:15,0
DA:16,0
DA:18,0
DA:20,0
DA:21,0
DA:24,0
DA:25,0
DA:28,0
DA:33,0
DA:35,0
DA:36,0
DA:44,0
DA:45,0
DA:47,0
DA:67,0
DA:68,0
DA:71,0
DA:74,0
DA:76,0
DA:77,0
DA:85,0
DA:86,0
DA:88,0
DA:101,0
DA:102,0
DA:105,0
DA:108,0
DA:110,0
DA:111,0
DA:119,0
DA:120,0
DA:122,0
DA:123,0
DA:129,0
DA:132,0
DA:135,0
DA:139,0
DA:140,0
DA:143,0
DA:146,0
DA:157,0
DA:163,0
DA:164,0
DA:172,0
DA:173,0
DA:174,0
DA:176,0
DA:177,0
DA:183,0
DA:187,0
DA:189,0
DA:202,0
DA:208,0
DA:209,0
DA:217,0
DA:218,0
DA:219,0
DA:221,0
DA:222,0
DA:228,0
DA:232,0
DA:236,0
DA:237,0
DA:242,0
DA:245,0
DA:249,0
DA:251,0
DA:252,0
DA:260,0
DA:261,0
DA:267,0
DA:268,0
DA:270,0
DA:271,0
DA:272,0
DA:275,0
DA:310,0
DA:321,0
DA:322,0
DA:327,0
LF:82
LH:0
BRDA:20,0,0,0
BRDA:20,0,1,0
BRDA:24,1,0,0
BRDA:24,1,1,0
BRDA:67,2,0,0
BRDA:67,2,1,0
BRDA:101,3,0,0
BRDA:101,3,1,0
BRDA:122,4,0,0
BRDA:122,4,1,0
BRDA:136,5,0,0
BRDA:136,5,1,0
BRDA:139,6,0,0
BRDA:139,6,1,0
BRDA:149,7,0,0
BRDA:149,7,1,0
BRDA:153,8,0,0
BRDA:153,8,1,0
BRDA:176,9,0,0
BRDA:176,9,1,0
BRDA:192,10,0,0
BRDA:192,10,1,0
BRDA:193,11,0,0
BRDA:193,11,1,0
BRDA:194,12,0,0
BRDA:194,12,1,0
BRDA:195,13,0,0
BRDA:195,13,1,0
BRDA:196,14,0,0
BRDA:196,14,1,0
BRDA:197,15,0,0
BRDA:197,15,1,0
BRDA:197,16,0,0
BRDA:197,16,1,0
BRDA:198,17,0,0
BRDA:198,17,1,0
BRDA:221,18,0,0
BRDA:221,18,1,0
BRDA:236,19,0,0
BRDA:236,19,1,0
BRDA:263,20,0,0
BRDA:264,21,0,0
BRDA:265,22,0,0
BRDA:266,23,0,0
BRDA:272,24,0,0
BRDA:272,24,1,0
BRDA:273,25,0,0
BRDA:273,25,1,0
BRF:48
BRH:0
end_of_record
TN:
SF:src/controllers/providerController.ts
FN:15,(anonymous_0)
FN:127,(anonymous_1)
FN:207,(anonymous_2)
FN:235,(anonymous_3)
FN:270,(anonymous_4)
FN:315,(anonymous_5)
FN:332,(anonymous_6)
FN:343,(anonymous_7)
FN:396,(anonymous_8)
FN:458,(anonymous_9)
FN:492,(anonymous_10)
FN:535,(anonymous_11)
FN:635,(anonymous_12)
FN:722,(anonymous_13)
FN:727,(anonymous_14)
FN:731,(anonymous_15)
FN:737,(anonymous_16)
FN:739,(anonymous_17)
FN:741,(anonymous_18)
FN:743,(anonymous_19)
FN:759,(anonymous_20)
FNF:21
FNH:0
FNDA:0,(anonymous_0)
FNDA:0,(anonymous_1)
FNDA:0,(anonymous_2)
FNDA:0,(anonymous_3)
FNDA:0,(anonymous_4)
FNDA:0,(anonymous_5)
FNDA:0,(anonymous_6)
FNDA:0,(anonymous_7)
FNDA:0,(anonymous_8)
FNDA:0,(anonymous_9)
FNDA:0,(anonymous_10)
FNDA:0,(anonymous_11)
FNDA:0,(anonymous_12)
FNDA:0,(anonymous_13)
FNDA:0,(anonymous_14)
FNDA:0,(anonymous_15)
FNDA:0,(anonymous_16)
FNDA:0,(anonymous_17)
FNDA:0,(anonymous_18)
FNDA:0,(anonymous_19)
FNDA:0,(anonymous_20)
DA:8,0
DA:9,0
DA:11,0
DA:16,0
DA:26,0
DA:28,0
DA:31,0
DA:43,0
DA:44,0
DA:47,0
DA:48,0
DA:51,0
DA:52,0
DA:55,0
DA:56,0
DA:59,0
DA:60,0
DA:69,0
DA:70,0
DA:71,0
DA:84,0
DA:108,0
DA:119,0
DA:120,0
DA:128,0
DA:129,0
DA:130,0
DA:133,0
DA:156,0
DA:157,0
DA:158,0
DA:161,0
DA:164,0
DA:175,0
DA:183,0
DA:207,0
DA:222,0
DA:227,0
DA:228,0
DA:236,0
DA:237,0
DA:238,0
DA:239,0
DA:241,0
DA:251,0
DA:262,0
DA:263,0
DA:271,0
DA:272,0
DA:273,0
DA:274,0
DA:276,0
DA:296,0
DA:307,0
DA:308,0
DA:316,0
DA:317,0
DA:330,0
DA:332,0
DA:335,0
DA:336,0
DA:344,0
DA:345,0
DA:347,0
DA:364,0
DA:365,0
DA:366,0
DA:370,0
DA:380,0
DA:388,0
DA:389,0
DA:397,0
DA:398,0
DA:400,0
DA:401,0
DA:404,0
DA:420,0
DA:422,0
DA:444,0
DA:450,0
DA:451,0
DA:459,0
DA:460,0
DA:462,0
DA:463,0
DA:466,0
DA:469,0
DA:471,0
DA:478,0
DA:484,0
DA:485,0
DA:493,0
DA:494,0
DA:496,0
DA:497,0
DA:500,0
DA:503,0
DA:507,0
DA:508,0
DA:509,0
DA:512,0
DA:519,0
DA:527,0
DA:528,0
DA:536,0
DA:537,0
DA:539,0
DA:540,0
DA:543,0
DA:546,0
DA:550,0
DA:551,0
DA:552,0
DA:556,0
DA:582,0
DA:583,0
DA:585,0
DA:599,0
DA:600,0
DA:601,0
DA:603,0
DA:618,0
DA:627,0
DA:628,0
DA:636,0
DA:637,0
DA:638,0
DA:640,0
DA:641,0
DA:644,0
DA:647,0
DA:651,0
DA:652,0
DA:653,0
DA:658,0
DA:660,0
DA:661,0
DA:662,0
DA:663,0
DA:664,0
DA:665,0
DA:669,0
DA:686,0
DA:702,0
DA:721,0
DA:722,0
DA:727,0
DA:731,0
DA:734,0
DA:737,0
DA:739,0
DA:741,0
DA:743,0
DA:751,0
DA:752,0
DA:760,0
DA:761,0
DA:762,0
DA:764,0
DA:765,0
DA:768,0
DA:771,0
DA:779,0
DA:784,0
DA:785,0
DA:790,0
LF:166
LH:0
BRDA:24,0,0,0
BRDA:25,1,0,0
BRDA:43,2,0,0
BRDA:43,2,1,0
BRDA:47,3,0,0
BRDA:47,3,1,0
BRDA:51,4,0,0
BRDA:51,4,1,0
BRDA:55,5,0,0
BRDA:55,5,1,0
BRDA:59,6,0,0
BRDA:59,6,1,0
BRDA:69,7,0,0
BRDA:69,7,1,0
BRDA:156,8,0,0
BRDA:156,8,1,0
BRDA:201,9,0,0
BRDA:201,9,1,0
BRDA:202,10,0,0
BRDA:202,10,1,0
BRDA:205,11,0,0
BRDA:205,11,1,0
BRDA:206,12,0,0
BRDA:206,12,1,0
BRDA:238,13,0,0
BRDA:238,14,0,0
BRDA:273,15,0,0
BRDA:273,16,0,0
BRDA:364,17,0,0
BRDA:364,17,1,0
BRDA:400,18,0,0
BRDA:400,18,1,0
BRDA:425,19,0,0
BRDA:425,19,1,0
BRDA:426,20,0,0
BRDA:426,20,1,0
BRDA:427,21,0,0
BRDA:427,21,1,0
BRDA:428,22,0,0
BRDA:428,22,1,0
BRDA:429,23,0,0
BRDA:429,23,1,0
BRDA:432,24,0,0
BRDA:432,24,1,0
BRDA:433,25,0,0
BRDA:433,25,1,0
BRDA:434,26,0,0
BRDA:434,26,1,0
BRDA:435,27,0,0
BRDA:435,27,1,0
BRDA:436,28,0,0
BRDA:436,28,1,0
BRDA:437,29,0,0
BRDA:437,29,1,0
BRDA:440,30,0,0
BRDA:440,30,1,0
BRDA:462,31,0,0
BRDA:462,31,1,0
BRDA:496,32,0,0
BRDA:496,32,1,0
BRDA:507,33,0,0
BRDA:507,33,1,0
BRDA:521,34,0,0
BRDA:521,34,1,0
BRDA:539,35,0,0
BRDA:539,35,1,0
BRDA:550,36,0,0
BRDA:550,36,1,0
BRDA:623,37,0,0
BRDA:623,37,1,0
BRDA:638,38,0,0
BRDA:640,39,0,0
BRDA:640,39,1,0
BRDA:651,40,0,0
BRDA:651,40,1,0
BRDA:660,41,0,0
BRDA:660,41,1,0
BRDA:662,42,0,0
BRDA:662,42,1,0
BRDA:664,43,0,0
BRDA:664,43,1,0
BRDA:675,44,0,0
BRDA:675,44,1,0
BRDA:691,45,0,0
BRDA:691,45,1,0
BRDA:709,46,0,0
BRDA:709,46,1,0
BRDA:727,47,0,0
BRDA:727,47,1,0
BRDA:739,48,0,0
BRDA:739,48,1,0
BRDA:741,49,0,0
BRDA:741,49,1,0
BRDA:743,50,0,0
BRDA:743,50,1,0
BRDA:764,51,0,0
BRDA:764,51,1,0
BRF:97
BRH:0
end_of_record
TN:
SF:src/controllers/reviewController.ts
FN:14,(anonymous_0)
FN:96,(anonymous_1)
FN:141,(anonymous_2)
FN:192,(anonymous_3)
FN:224,(anonymous_4)
FN:314,(anonymous_5)
FN:370,(anonymous_6)
FNF:7
FNH:0
FNDA:0,(anonymous_0)
FNDA:0,(anonymous_1)
FNDA:0,(anonymous_2)
FNDA:0,(anonymous_3)
FNDA:0,(anonymous_4)
FNDA:0,(anonymous_5)
FNDA:0,(anonymous_6)
DA:8,0
DA:10,0
DA:15,0
DA:16,0
DA:23,0
DA:24,0
DA:27,0
DA:28,0
DA:34,0
DA:37,0
DA:39,0
DA:40,0
DA:43,0
DA:44,0
DA:47,0
DA:48,0
DA:51,0
DA:77,0
DA:88,0
DA:89,0
DA:97,0
DA:98,0
DA:99,0
DA:100,0
DA:102,0
DA:122,0
DA:133,0
DA:134,0
DA:142,0
DA:143,0
DA:144,0
DA:145,0
DA:147,0
DA:173,0
DA:184,0
DA:185,0
DA:193,0
DA:194,0
DA:196,0
DA:209,0
DA:210,0
DA:211,0
DA:214,0
DA:216,0
DA:217,0
DA:225,0
DA:226,0
DA:227,0
DA:230,0
DA:237,0
DA:238,0
DA:241,0
DA:245,0
DA:246,0
DA:247,0
DA:251,0
DA:252,0
DA:257,0
DA:261,0
DA:265,0
DA:266,0
DA:270,0
DA:274,0
DA:286,0
DA:292,0
DA:300,0
DA:306,0
DA:307,0
DA:315,0
DA:316,0
DA:317,0
DA:318,0
DA:320,0
DA:324,0
DA:325,0
DA:326,0
DA:330,0
DA:331,0
DA:332,0
DA:335,0
DA:344,0
DA:349,0
DA:356,0
DA:362,0
DA:363,0
DA:371,0
DA:372,0
DA:373,0
DA:375,0
DA:379,0
DA:380,0
DA:381,0
DA:385,0
DA:386,0
DA:387,0
DA:390,0
DA:395,0
DA:401,0
DA:409,0
DA:411,0
DA:412,0
DA:417,0
LF:102
LH:0
BRDA:21,0,0,0
BRDA:22,1,0,0
BRDA:27,2,0,0
BRDA:27,2,1,0
BRDA:39,3,0,0
BRDA:39,3,1,0
BRDA:43,4,0,0
BRDA:43,4,1,0
BRDA:47,5,0,0
BRDA:47,5,1,0
BRDA:99,6,0,0
BRDA:99,7,0,0
BRDA:144,8,0,0
BRDA:144,9,0,0
BRDA:209,10,0,0
BRDA:209,10,1,0
BRDA:237,11,0,0
BRDA:237,11,1,0
BRDA:245,12,0,0
BRDA:245,12,1,0
BRDA:251,13,0,0
BRDA:251,13,1,0
BRDA:265,14,0,0
BRDA:265,14,1,0
BRDA:295,15,0,0
BRDA:295,15,1,0
BRDA:324,16,0,0
BRDA:324,16,1,0
BRDA:330,17,0,0
BRDA:330,17,1,0
BRDA:330,18,0,0
BRDA:330,18,1,0
BRDA:338,19,0,0
BRDA:338,19,1,0
BRDA:339,20,0,0
BRDA:339,20,1,0
BRDA:352,21,0,0
BRDA:352,21,1,0
BRDA:379,22,0,0
BRDA:379,22,1,0
BRDA:385,23,0,0
BRDA:385,23,1,0
BRDA:385,24,0,0
BRDA:385,24,1,0
BRDA:404,25,0,0
BRDA:404,25,1,0
BRF:46
BRH:0
end_of_record
TN:
SF:src/controllers/serviceController.ts
FN:12,(anonymous_0)
FN:16,(anonymous_1)
FN:25,(anonymous_2)
FN:100,(anonymous_3)
FN:102,(anonymous_4)
FN:109,(anonymous_5)
FN:126,(anonymous_6)
FN:192,(anonymous_7)
FN:261,(anonymous_8)
FN:320,(anonymous_9)
FN:363,(anonymous_10)
FN:377,(anonymous_11)
FNF:12
FNH:0
FNDA:0,(anonymous_0)
FNDA:0,(anonymous_1)
FNDA:0,(anonymous_2)
FNDA:0,(anonymous_3)
FNDA:0,(anonymous_4)
FNDA:0,(anonymous_5)
FNDA:0,(anonymous_6)
FNDA:0,(anonymous_7)
FNDA:0,(anonymous_8)
FNDA:0,(anonymous_9)
FNDA:0,(anonymous_10)
FNDA:0,(anonymous_11)
DA:8,0
DA:12,0
DA:13,0
DA:16,0
DA:21,0
DA:26,0
DA:35,0
DA:37,0
DA:40,0
DA:46,0
DA:47,0
DA:50,0
DA:51,0
DA:54,0
DA:55,0
DA:61,0
DA:62,0
DA:63,0
DA:64,0
DA:68,0
DA:71,0
DA:99,0
DA:100,0
DA:102,0
DA:105,0
DA:107,0
DA:109,0
DA:118,0
DA:119,0
DA:127,0
DA:128,0
DA:130,0
DA:155,0
DA:156,0
DA:157,0
DA:161,0
DA:176,0
DA:184,0
DA:185,0
DA:193,0
DA:194,0
DA:196,0
DA:197,0
DA:198,0
DA:202,0
DA:205,0
DA:209,0
DA:210,0
DA:211,0
DA:215,0
DA:226,0
DA:227,0
DA:231,0
DA:234,0
DA:247,0
DA:253,0
DA:254,0
DA:262,0
DA:263,0
DA:264,0
DA:265,0
DA:268,0
DA:272,0
DA:273,0
DA:274,0
DA:278,0
DA:282,0
DA:283,0
DA:284,0
DA:287,0
DA:288,0
DA:289,0
DA:292,0
DA:293,0
DA:294,0
DA:295,0
DA:296,0
DA:297,0
DA:298,0
DA:299,0
DA:301,0
DA:306,0
DA:312,0
DA:313,0
DA:321,0
DA:322,0
DA:323,0
DA:325,0
DA:329,0
DA:330,0
DA:331,0
DA:335,0
DA:339,0
DA:340,0
DA:341,0
DA:344,0
DA:345,0
DA:346,0
DA:349,0
DA:353,0
DA:355,0
DA:356,0
DA:364,0
DA:365,0
DA:367,0
DA:375,0
DA:377,0
DA:380,0
DA:381,0
DA:386,0
LF:110
LH:0
BRDA:13,0,0,0
BRDA:13,0,1,0
BRDA:18,1,0,0
BRDA:18,1,1,0
BRDA:31,2,0,0
BRDA:32,3,0,0
BRDA:46,4,0,0
BRDA:46,4,1,0
BRDA:50,5,0,0
BRDA:50,5,1,0
BRDA:54,6,0,0
BRDA:54,6,1,0
BRDA:61,7,0,0
BRDA:61,7,1,0
BRDA:61,8,0,0
BRDA:61,8,1,0
BRDA:63,9,0,0
BRDA:63,9,1,0
BRDA:64,10,0,0
BRDA:64,10,1,0
BRDA:102,11,0,0
BRDA:102,11,1,0
BRDA:155,12,0,0
BRDA:155,12,1,0
BRDA:196,13,0,0
BRDA:196,13,1,0
BRDA:196,14,0,0
BRDA:196,14,1,0
BRDA:209,15,0,0
BRDA:209,15,1,0
BRDA:226,16,0,0
BRDA:226,16,1,0
BRDA:272,17,0,0
BRDA:272,17,1,0
BRDA:282,18,0,0
BRDA:282,18,1,0
BRDA:287,19,0,0
BRDA:287,19,1,0
BRDA:287,20,0,0
BRDA:287,20,1,0
BRDA:287,20,2,0
BRDA:293,21,0,0
BRDA:293,21,1,0
BRDA:294,22,0,0
BRDA:294,22,1,0
BRDA:295,23,0,0
BRDA:295,23,1,0
BRDA:296,24,0,0
BRDA:296,24,1,0
BRDA:297,25,0,0
BRDA:297,25,1,0
BRDA:298,26,0,0
BRDA:298,26,1,0
BRDA:299,27,0,0
BRDA:299,27,1,0
BRDA:329,28,0,0
BRDA:329,28,1,0
BRDA:339,29,0,0
BRDA:339,29,1,0
BRDA:344,30,0,0
BRDA:344,30,1,0
BRDA:344,31,0,0
BRDA:344,31,1,0
BRDA:344,31,2,0
BRF:64
BRH:0
end_of_record
TN:
SF:src/interfaces/index.ts
FNF:0
FNH:0
DA:5,0
DA:6,0
DA:7,0
DA:8,0
DA:9,0
DA:10,0
LF:6
LH:0
BRF:0
BRH:0
end_of_record
TN:
SF:src/middleware/auth.ts
FN:15,(anonymous_1)
FN:39,(anonymous_2)
FN:51,(anonymous_3)
FNF:3
FNH:0
FNDA:0,(anonymous_1)
FNDA:0,(anonymous_2)
FNDA:0,(anonymous_3)
DA:6,0
DA:9,0
DA:15,0
DA:20,0
DA:21,0
DA:22,0
DA:23,0
DA:26,0
DA:27,0
DA:32,0
DA:33,0
DA:35,0
DA:39,0
DA:44,0
DA:45,0
DA:46,0
DA:48,0
DA:51,0
DA:56,0
DA:57,0
DA:58,0
DA:60,0
DA:63,0
LF:23
LH:0
BRDA:9,0,0,0
BRDA:9,0,1,0
BRDA:22,1,0,0
BRDA:22,1,1,0
BRDA:22,2,0,0
BRDA:22,2,1,0
BRDA:45,3,0,0
BRDA:45,3,1,0
BRDA:45,4,0,0
BRDA:45,4,1,0
BRDA:57,5,0,0
BRDA:57,5,1,0
BRDA:57,6,0,0
BRDA:57,6,1,0
BRF:14
BRH:0
end_of_record
TN:
SF:src/routes/admin.ts
FN:27,(anonymous_10)
FN:48,(anonymous_11)
FN:50,(anonymous_12)
FNF:3
FNH:0
FNDA:0,(anonymous_10)
FNDA:0,(anonymous_11)
FNDA:0,(anonymous_12)
DA:7,0
DA:8,0
DA:11,0
DA:12,0
DA:13,0
DA:14,0
DA:15,0
DA:16,0
DA:17,0
DA:18,0
DA:20,0
DA:23,0
DA:24,0
DA:27,0
DA:28,0
DA:48,0
DA:49,0
DA:50,0
DA:52,0
DA:55,0
DA:62,0
DA:67,0
DA:73,0
DA:83,0
DA:84,0
DA:89,0
DA:90,0
DA:91,0
DA:92,0
DA:93,0
DA:94,0
DA:96,0
DA:97,0
DA:99,0
LF:34
LH:0
BRF:0
BRH:0
end_of_record
TN:
SF:src/routes/auth.ts
FN:25,(anonymous_1)
FN:35,(anonymous_2)
FN:44,(anonymous_3)
FN:53,(anonymous_4)
FN:67,(anonymous_5)
FN:77,(anonymous_6)
FN:129,(anonymous_7)
FNF:7
FNH:0
FNDA:0,(anonymous_1)
FNDA:0,(anonymous_2)
FNDA:0,(anonymous_3)
FNDA:0,(anonymous_4)
FNDA:0,(anonymous_5)
FNDA:0,(anonymous_6)
FNDA:0,(anonymous_7)
DA:7,0
DA:8,0
DA:9,0
DA:10,0
DA:11,0
DA:12,0
DA:19,0
DA:22,0
DA:26,0
DA:27,0
DA:28,0
DA:30,0
DA:35,0
DA:36,0
DA:37,0
DA:38,0
DA:40,0
DA:44,0
DA:45,0
DA:49,0
DA:54,0
DA:55,0
DA:56,0
DA:58,0
DA:63,0
DA:68,0
DA:69,0
DA:70,0
DA:72,0
DA:77,0
DA:78,0
DA:79,0
DA:80,0
DA:82,0
DA:83,0
DA:87,0
DA:92,0
DA:93,0
DA:96,0
DA:100,0
DA:101,0
DA:108,0
DA:110,0
DA:112,0
DA:116,0
DA:119,0
DA:121,0
DA:123,0
DA:124,0
DA:129,0
DA:133,0
DA:136,0
LF:52
LH:0
BRDA:27,0,0,0
BRDA:27,0,1,0
BRDA:37,1,0,0
BRDA:37,1,1,0
BRDA:55,2,0,0
BRDA:55,2,1,0
BRDA:69,3,0,0
BRDA:69,3,1,0
BRDA:82,4,0,0
BRDA:82,4,1,0
BRDA:92,5,0,0
BRDA:92,5,1,0
BRDA:100,6,0,0
BRDA:100,6,1,0
BRDA:108,7,0,0
BRDA:108,7,1,0
BRF:16
BRH:0
end_of_record
TN:
SF:src/routes/bookings.ts
FN:19,(anonymous_1)
FN:24,(anonymous_2)
FN:33,(anonymous_3)
FN:43,(anonymous_4)
FN:52,(anonymous_5)
FN:62,(anonymous_6)
FNF:6
FNH:0
FNDA:0,(anonymous_1)
FNDA:0,(anonymous_2)
FNDA:0,(anonymous_3)
FNDA:0,(anonymous_4)
FNDA:0,(anonymous_5)
FNDA:0,(anonymous_6)
DA:7,0
DA:8,0
DA:9,0
DA:10,0
DA:11,0
DA:16,0
DA:19,0
DA:20,0
DA:24,0
DA:25,0
DA:29,0
DA:34,0
DA:35,0
DA:36,0
DA:38,0
DA:43,0
DA:44,0
DA:48,0
DA:53,0
DA:54,0
DA:55,0
DA:57,0
DA:62,0
DA:63,0
DA:66,0
LF:25
LH:0
BRDA:35,0,0,0
BRDA:35,0,1,0
BRDA:54,1,0,0
BRDA:54,1,1,0
BRF:4
BRH:0
end_of_record
TN:
SF:src/routes/categories.ts
FN:19,(anonymous_1)
FN:24,(anonymous_2)
FN:29,(anonymous_3)
FN:38,(anonymous_4)
FN:52,(anonymous_5)
FN:62,(anonymous_6)
FNF:6
FNH:0
FNDA:0,(anonymous_1)
FNDA:0,(anonymous_2)
FNDA:0,(anonymous_3)
FNDA:0,(anonymous_4)
FNDA:0,(anonymous_5)
FNDA:0,(anonymous_6)
DA:7,0
DA:8,0
DA:9,0
DA:10,0
DA:11,0
DA:16,0
DA:19,0
DA:20,0
DA:24,0
DA:25,0
DA:29,0
DA:30,0
DA:34,0
DA:39,0
DA:40,0
DA:41,0
DA:43,0
DA:48,0
DA:53,0
DA:54,0
DA:55,0
DA:57,0
DA:62,0
DA:63,0
DA:66,0
LF:25
LH:0
BRDA:40,0,0,0
BRDA:40,0,1,0
BRDA:54,1,0,0
BRDA:54,1,1,0
BRF:4
BRH:0
end_of_record
TN:
SF:src/routes/notifications.ts
FN:16,(anonymous_0)
FN:73,(anonymous_1)
FN:101,(anonymous_2)
FN:118,(anonymous_3)
FN:143,(anonymous_4)
FN:160,(anonymous_5)
FN:178,createNotification
FNF:7
FNH:0
FNDA:0,(anonymous_0)
FNDA:0,(anonymous_1)
FNDA:0,(anonymous_2)
FNDA:0,(anonymous_3)
FNDA:0,(anonymous_4)
FNDA:0,(anonymous_5)
FNDA:0,createNotification
DA:5,0
DA:6,0
DA:7,0
DA:8,0
DA:10,0
DA:13,0
DA:16,0
DA:17,0
DA:18,0
DA:20,0
DA:21,0
DA:22,0
DA:24,0
DA:25,0
DA:26,0
DA:27,0
DA:37,0
DA:38,0
DA:41,0
DA:50,0
DA:53,0
DA:59,0
DA:61,0
DA:67,0
DA:68,0
DA:73,0
DA:74,0
DA:75,0
DA:76,0
DA:79,0
DA:84,0
DA:85,0
DA:88,0
DA:93,0
DA:95,0
DA:96,0
DA:101,0
DA:102,0
DA:103,0
DA:105,0
DA:110,0
DA:112,0
DA:113,0
DA:118,0
DA:119,0
DA:120,0
DA:121,0
DA:124,0
DA:129,0
DA:130,0
DA:133,0
DA:135,0
DA:137,0
DA:138,0
DA:143,0
DA:144,0
DA:145,0
DA:147,0
DA:152,0
DA:154,0
DA:155,0
DA:160,0
DA:161,0
DA:162,0
DA:163,0
DA:165,0
DA:170,0
DA:172,0
DA:173,0
DA:178,0
DA:185,0
DA:186,0
DA:188,0
DA:193,0
DA:197,0
LF:75
LH:0
BRDA:22,0,0,0
BRDA:22,1,0,0
BRDA:37,2,0,0
BRDA:37,2,1,0
BRDA:84,3,0,0
BRDA:84,3,1,0
BRDA:129,4,0,0
BRDA:129,4,1,0
BRDA:167,5,0,0
BRDA:167,5,1,0
BRDA:167,6,0,0
BRDA:167,6,1,0
BRDA:167,7,0,0
BRDA:167,7,1,0
BRDA:182,8,0,0
BRDA:190,9,0,0
BRDA:190,9,1,0
BRF:17
BRH:0
end_of_record
TN:
SF:src/routes/payments.ts
FN:22,(anonymous_0)
FNF:1
FNH:0
FNDA:0,(anonymous_0)
DA:5,0
DA:6,0
DA:7,0
DA:8,0
DA:11,0
DA:14,0
DA:23,0
DA:24,0
DA:25,0
DA:26,0
DA:29,0
DA:30,0
DA:33,0
DA:35,0
DA:40,0
DA:41,0
DA:46,0
LF:17
LH:0
BRDA:25,0,0,0
BRDA:25,0,1,0
BRF:2
BRH:0
end_of_record
TN:
SF:src/routes/providers.ts
FN:19,(anonymous_1)
FN:24,(anonymous_2)
FN:250,(anonymous_3)
FN:309,(anonymous_4)
FN:405,(anonymous_5)
FN:445,(anonymous_6)
FN:453,(anonymous_7)
FN:503,(anonymous_8)
FN:509,(anonymous_9)
FN:514,(anonymous_10)
FN:519,(anonymous_11)
FN:528,(anonymous_12)
FN:549,(anonymous_13)
FN:662,(anonymous_14)
FN:676,(anonymous_15)
FN:721,(anonymous_16)
FN:729,(anonymous_17)
FN:774,(anonymous_18)
FN:971,(anonymous_19)
FN:981,(anonymous_20)
FN:1016,(anonymous_21)
FN:1045,(anonymous_22)
FN:1119,(anonymous_23)
FNF:23
FNH:0
FNDA:0,(anonymous_1)
FNDA:0,(anonymous_2)
FNDA:0,(anonymous_3)
FNDA:0,(anonymous_4)
FNDA:0,(anonymous_5)
FNDA:0,(anonymous_6)
FNDA:0,(anonymous_7)
FNDA:0,(anonymous_8)
FNDA:0,(anonymous_9)
FNDA:0,(anonymous_10)
FNDA:0,(anonymous_11)
FNDA:0,(anonymous_12)
FNDA:0,(anonymous_13)
FNDA:0,(anonymous_14)
FNDA:0,(anonymous_15)
FNDA:0,(anonymous_16)
FNDA:0,(anonymous_17)
FNDA:0,(anonymous_18)
FNDA:0,(anonymous_19)
FNDA:0,(anonymous_20)
FNDA:0,(anonymous_21)
FNDA:0,(anonymous_22)
FNDA:0,(anonymous_23)
DA:7,0
DA:8,0
DA:9,0
DA:10,0
DA:11,0
DA:12,0
DA:13,0
DA:14,0
DA:16,0
DA:19,0
DA:20,0
DA:24,0
DA:25,0
DA:27,0
DA:38,0
DA:50,0
DA:51,0
DA:53,0
DA:56,0
DA:59,0
DA:62,0
DA:65,0
DA:68,0
DA:71,0
DA:73,0
DA:75,0
DA:79,0
DA:128,0
DA:130,0
DA:132,0
DA:134,0
DA:160,0
DA:161,0
DA:170,0
DA:181,0
DA:188,0
DA:189,0
DA:190,0
DA:191,0
DA:202,0
DA:204,0
DA:209,0
DA:220,0
DA:221,0
DA:222,0
DA:223,0
DA:224,0
DA:228,0
DA:232,0
DA:241,0
DA:242,0
DA:250,0
DA:251,0
DA:252,0
DA:255,0
DA:266,0
DA:267,0
DA:268,0
DA:269,0
DA:270,0
DA:271,0
DA:275,0
DA:278,0
DA:283,0
DA:284,0
DA:285,0
DA:289,0
DA:292,0
DA:300,0
DA:301,0
DA:309,0
DA:310,0
DA:318,0
DA:320,0
DA:322,0
DA:357,0
DA:358,0
DA:361,0
DA:362,0
DA:363,0
DA:364,0
DA:367,0
DA:368,0
DA:372,0
DA:373,0
DA:374,0
DA:375,0
DA:376,0
DA:384,0
DA:386,0
DA:391,0
DA:392,0
DA:395,0
DA:401,0
DA:403,0
DA:405,0
DA:429,0
DA:435,0
DA:436,0
DA:445,0
DA:446,0
DA:450,0
DA:454,0
DA:455,0
DA:457,0
DA:468,0
DA:469,0
DA:472,0
DA:473,0
DA:493,0
DA:494,0
DA:500,0
DA:504,0
DA:509,0
DA:510,0
DA:514,0
DA:515,0
DA:519,0
DA:520,0
DA:524,0
DA:529,0
DA:530,0
DA:531,0
DA:533,0
DA:538,0
DA:550,0
DA:551,0
DA:552,0
DA:555,0
DA:556,0
DA:558,0
DA:560,0
DA:565,0
DA:566,0
DA:569,0
DA:570,0
DA:574,0
DA:575,0
DA:576,0
DA:578,0
DA:579,0
DA:580,0
DA:581,0
DA:584,0
DA:585,0
DA:586,0
DA:587,0
DA:590,0
DA:591,0
DA:592,0
DA:593,0
DA:596,0
DA:597,0
DA:598,0
DA:599,0
DA:602,0
DA:603,0
DA:604,0
DA:605,0
DA:608,0
DA:609,0
DA:610,0
DA:611,0
DA:615,0
DA:617,0
DA:618,0
DA:623,0
DA:625,0
DA:629,0
DA:634,0
DA:636,0
DA:646,0
DA:651,0
DA:652,0
DA:658,0
DA:663,0
DA:664,0
DA:665,0
DA:667,0
DA:672,0
DA:677,0
DA:678,0
DA:679,0
DA:682,0
DA:685,0
DA:690,0
DA:691,0
DA:694,0
DA:697,0
DA:702,0
DA:703,0
DA:716,0
DA:721,0
DA:722,0
DA:726,0
DA:730,0
DA:731,0
DA:734,0
DA:744,0
DA:745,0
DA:752,0
DA:757,0
DA:758,0
DA:764,0
DA:775,0
DA:776,0
DA:777,0
DA:778,0
DA:781,0
DA:787,0
DA:790,0
DA:795,0
DA:796,0
DA:801,0
DA:802,0
DA:809,0
DA:810,0
DA:812,0
DA:813,0
DA:816,0
DA:817,0
DA:818,0
DA:822,0
DA:827,0
DA:833,0
DA:835,0
DA:838,0
DA:839,0
DA:845,0
DA:849,0
DA:850,0
DA:851,0
DA:854,0
DA:860,0
DA:862,0
DA:877,0
DA:886,0
DA:887,0
DA:894,0
DA:904,0
DA:908,0
DA:914,0
DA:915,0
DA:921,0
DA:971,0
DA:972,0
DA:974,0
DA:979,0
DA:981,0
DA:992,0
DA:999,0
DA:1004,0
DA:1005,0
DA:1013,0
DA:1017,0
DA:1018,0
DA:1020,0
DA:1030,0
DA:1035,0
DA:1036,0
DA:1042,0
DA:1046,0
DA:1047,0
DA:1049,0
DA:1050,0
DA:1054,0
DA:1059,0
DA:1060,0
DA:1063,0
DA:1064,0
DA:1068,0
DA:1076,0
DA:1077,0
DA:1084,0
DA:1089,0
DA:1090,0
DA:1103,0
DA:1109,0
DA:1110,0
DA:1116,0
DA:1120,0
DA:1121,0
DA:1123,0
DA:1134,0
DA:1139,0
DA:1140,0
DA:1145,0
LF:287
LH:0
BRDA:132,0,0,0
BRDA:132,0,1,0
BRDA:223,1,0,0
BRDA:223,1,1,0
BRDA:270,2,0,0
BRDA:270,2,1,0
BRDA:284,3,0,0
BRDA:284,3,1,0
BRDA:315,4,0,0
BRDA:316,5,0,0
BRDA:317,6,0,0
BRDA:361,7,0,0
BRDA:361,7,1,0
BRDA:361,8,0,0
BRDA:361,8,1,0
BRDA:361,8,2,0
BRDA:367,9,0,0
BRDA:367,9,1,0
BRDA:372,10,0,0
BRDA:372,10,1,0
BRDA:372,11,0,0
BRDA:372,11,1,0
BRDA:375,12,0,0
BRDA:375,12,1,0
BRDA:401,13,0,0
BRDA:401,13,1,0
BRDA:410,14,0,0
BRDA:410,14,1,0
BRDA:411,15,0,0
BRDA:411,15,1,0
BRDA:416,16,0,0
BRDA:416,16,1,0
BRDA:417,17,0,0
BRDA:417,17,1,0
BRDA:418,18,0,0
BRDA:418,18,1,0
BRDA:420,19,0,0
BRDA:420,19,1,0
BRDA:468,20,0,0
BRDA:468,20,1,0
BRDA:489,21,0,0
BRDA:489,21,1,0
BRDA:530,22,0,0
BRDA:530,22,1,0
BRDA:551,23,0,0
BRDA:551,23,1,0
BRDA:565,24,0,0
BRDA:565,24,1,0
BRDA:569,25,0,0
BRDA:569,25,1,0
BRDA:578,26,0,0
BRDA:578,26,1,0
BRDA:584,27,0,0
BRDA:584,27,1,0
BRDA:590,28,0,0
BRDA:590,28,1,0
BRDA:596,29,0,0
BRDA:596,29,1,0
BRDA:602,30,0,0
BRDA:602,30,1,0
BRDA:608,31,0,0
BRDA:608,31,1,0
BRDA:617,32,0,0
BRDA:617,32,1,0
BRDA:634,33,0,0
BRDA:634,33,1,0
BRDA:664,34,0,0
BRDA:664,34,1,0
BRDA:678,35,0,0
BRDA:678,35,1,0
BRDA:690,36,0,0
BRDA:690,36,1,0
BRDA:744,37,0,0
BRDA:744,37,1,0
BRDA:777,38,0,0
BRDA:777,38,1,0
BRDA:784,39,0,0
BRDA:795,40,0,0
BRDA:795,40,1,0
BRDA:801,41,0,0
BRDA:801,41,1,0
BRDA:816,42,0,0
BRDA:816,42,1,0
BRDA:827,43,0,0
BRDA:827,43,1,0
BRDA:835,44,0,0
BRDA:835,44,1,0
BRDA:838,45,0,0
BRDA:838,45,1,0
BRDA:860,46,0,0
BRDA:860,46,1,0
BRDA:886,47,0,0
BRDA:886,47,1,0
BRDA:886,48,0,0
BRDA:886,48,1,0
BRDA:904,49,0,0
BRDA:904,49,1,0
BRDA:979,50,0,0
BRDA:979,50,1,0
BRDA:988,51,0,0
BRDA:988,51,1,0
BRDA:988,52,0,0
BRDA:988,52,1,0
BRDA:1049,53,0,0
BRDA:1049,53,1,0
BRDA:1059,54,0,0
BRDA:1059,54,1,0
BRDA:1063,55,0,0
BRDA:1063,55,1,0
BRDA:1076,56,0,0
BRDA:1076,56,1,0
BRF:111
BRH:0
end_of_record
TN:
SF:src/routes/reviews.ts
FN:16,(anonymous_1)
FN:21,(anonymous_2)
FN:26,(anonymous_3)
FN:31,(anonymous_4)
FN:40,(anonymous_5)
FN:54,(anonymous_6)
FN:64,(anonymous_7)
FNF:7
FNH:0
FNDA:0,(anonymous_1)
FNDA:0,(anonymous_2)
FNDA:0,(anonymous_3)
FNDA:0,(anonymous_4)
FNDA:0,(anonymous_5)
FNDA:0,(anonymous_6)
FNDA:0,(anonymous_7)
DA:7,0
DA:8,0
DA:9,0
DA:10,0
DA:11,0
DA:13,0
DA:16,0
DA:17,0
DA:21,0
DA:22,0
DA:26,0
DA:27,0
DA:31,0
DA:32,0
DA:36,0
DA:41,0
DA:42,0
DA:43,0
DA:45,0
DA:50,0
DA:55,0
DA:56,0
DA:57,0
DA:59,0
DA:64,0
DA:65,0
DA:68,0
LF:27
LH:0
BRDA:42,0,0,0
BRDA:42,0,1,0
BRDA:56,1,0,0
BRDA:56,1,1,0
BRF:4
BRH:0
end_of_record
TN:
SF:src/routes/services.ts
FN:19,(anonymous_1)
FN:24,(anonymous_2)
FN:33,(anonymous_3)
FN:43,(anonymous_4)
FN:48,(anonymous_5)
FN:53,(anonymous_6)
FNF:6
FNH:0
FNDA:0,(anonymous_1)
FNDA:0,(anonymous_2)
FNDA:0,(anonymous_3)
FNDA:0,(anonymous_4)
FNDA:0,(anonymous_5)
FNDA:0,(anonymous_6)
DA:7,0
DA:8,0
DA:9,0
DA:10,0
DA:11,0
DA:16,0
DA:19,0
DA:20,0
DA:24,0
DA:25,0
DA:29,0
DA:34,0
DA:35,0
DA:36,0
DA:38,0
DA:43,0
DA:44,0
DA:48,0
DA:49,0
DA:53,0
DA:54,0
DA:57,0
LF:22
LH:0
BRDA:35,0,0,0
BRDA:35,0,1,0
BRF:2
BRH:0
end_of_record
TN:
SF:src/routes/admin/analytics.ts
FN:12,(anonymous_9)
FN:41,(anonymous_10)
FN:52,(anonymous_11)
FN:83,(anonymous_12)
FN:107,(anonymous_13)
FN:114,(anonymous_14)
FN:129,(anonymous_15)
FN:148,(anonymous_16)
FN:171,(anonymous_17)
FN:173,(anonymous_18)
FNF:10
FNH:0
FNDA:0,(anonymous_9)
FNDA:0,(anonymous_10)
FNDA:0,(anonymous_11)
FNDA:0,(anonymous_12)
FNDA:0,(anonymous_13)
FNDA:0,(anonymous_14)
FNDA:0,(anonymous_15)
FNDA:0,(anonymous_16)
FNDA:0,(anonymous_17)
FNDA:0,(anonymous_18)
DA:5,0
DA:6,0
DA:9,0
DA:12,0
DA:13,0
DA:15,0
DA:16,0
DA:19,0
DA:31,0
DA:32,0
DA:34,0
DA:35,0
DA:36,0
DA:37,0
DA:38,0
DA:41,0
DA:42,0
DA:43,0
DA:44,0
DA:45,0
DA:46,0
DA:47,0
DA:52,0
DA:59,0
DA:81,0
DA:83,0
DA:84,0
DA:85,0
DA:86,0
DA:87,0
DA:88,0
DA:90,0
DA:91,0
DA:92,0
DA:94,0
DA:106,0
DA:107,0
DA:114,0
DA:118,0
DA:129,0
DA:135,0
DA:148,0
DA:154,0
DA:165,0
DA:166,0
DA:171,0
DA:172,0
DA:173,0
DA:175,0
DA:178,0
DA:185,0
DA:190,0
DA:196,0
DA:206,0
DA:207,0
DA:211,0
LF:56
LH:0
BRDA:44,0,0,0
BRDA:44,0,1,0
BRDA:46,1,0,0
BRDA:46,1,1,0
BRDA:47,2,0,0
BRDA:47,2,1,0
BRDA:85,3,0,0
BRDA:85,3,1,0
BRDA:88,4,0,0
BRDA:88,4,1,0
BRDA:90,5,0,0
BRDA:90,5,1,0
BRDA:99,6,0,0
BRDA:99,6,1,0
BRF:14
BRH:0
end_of_record
TN:
SF:src/routes/admin/bookings.ts
FN:19,(anonymous_0)
FN:43,(anonymous_1)
FN:77,(anonymous_2)
FN:121,(anonymous_3)
FNF:4
FNH:0
FNDA:0,(anonymous_0)
FNDA:0,(anonymous_1)
FNDA:0,(anonymous_2)
FNDA:0,(anonymous_3)
DA:6,0
DA:7,0
DA:9,0
DA:16,0
DA:19,0
DA:20,0
DA:21,0
DA:23,0
DA:31,0
DA:37,0
DA:38,0
DA:43,0
DA:44,0
DA:45,0
DA:46,0
DA:48,0
DA:50,0
DA:51,0
DA:56,0
DA:78,0
DA:79,0
DA:80,0
DA:81,0
DA:83,0
DA:92,0
DA:94,0
DA:108,0
DA:114,0
DA:115,0
DA:121,0
DA:122,0
DA:123,0
DA:124,0
DA:126,0
DA:128,0
DA:129,0
DA:133,0
LF:37
LH:0
BRDA:21,0,0,0
BRDA:21,1,0,0
BRDA:38,2,0,0
BRDA:38,2,1,0
BRDA:51,3,0,0
BRDA:51,3,1,0
BRDA:80,4,0,0
BRDA:80,4,1,0
BRDA:115,5,0,0
BRDA:115,5,1,0
BRDA:129,6,0,0
BRDA:129,6,1,0
BRF:12
BRH:0
end_of_record
TN:
SF:src/routes/admin/categories.ts
FN:20,(anonymous_0)
FN:31,(anonymous_1)
FN:50,(anonymous_2)
FN:87,(anonymous_3)
FN:115,(anonymous_4)
FNF:5
FNH:0
FNDA:0,(anonymous_0)
FNDA:0,(anonymous_1)
FNDA:0,(anonymous_2)
FNDA:0,(anonymous_3)
FNDA:0,(anonymous_4)
DA:6,0
DA:7,0
DA:9,0
DA:17,0
DA:20,0
DA:21,0
DA:22,0
DA:23,0
DA:25,0
DA:26,0
DA:31,0
DA:32,0
DA:33,0
DA:34,0
DA:35,0
DA:37,0
DA:38,0
DA:43,0
DA:51,0
DA:52,0
DA:53,0
DA:54,0
DA:56,0
DA:58,0
DA:63,0
DA:69,0
DA:70,0
DA:76,0
DA:88,0
DA:89,0
DA:90,0
DA:91,0
DA:93,0
DA:94,0
DA:96,0
DA:102,0
DA:108,0
DA:109,0
DA:115,0
DA:116,0
DA:117,0
DA:118,0
DA:120,0
DA:122,0
DA:123,0
DA:127,0
LF:46
LH:0
BRDA:26,0,0,0
BRDA:26,0,1,0
BRDA:38,1,0,0
BRDA:38,1,1,0
BRDA:53,2,0,0
BRDA:53,2,1,0
BRDA:70,3,0,0
BRDA:70,3,1,0
BRDA:90,4,0,0
BRDA:90,4,1,0
BRDA:109,5,0,0
BRDA:109,5,1,0
BRDA:123,6,0,0
BRDA:123,6,1,0
BRF:14
BRH:0
end_of_record
TN:
SF:src/routes/admin/notifications.ts
FN:31,(anonymous_0)
FNF:1
FNH:0
FNDA:0,(anonymous_0)
DA:5,0
DA:6,0
DA:7,0
DA:10,0
DA:13,0
DA:32,0
DA:33,0
DA:34,0
DA:35,0
DA:37,0
DA:38,0
DA:44,0
DA:45,0
DA:51,0
DA:55,0
DA:56,0
DA:61,0
DA:62,0
DA:68,0
DA:73,0
DA:74,0
DA:79,0
LF:22
LH:0
BRDA:34,0,0,0
BRDA:34,0,1,0
BRDA:38,1,0,0
BRDA:38,1,1,0
BRDA:40,2,0,0
BRDA:40,2,1,0
BRDA:44,3,0,0
BRDA:44,3,1,0
BRDA:55,4,0,0
BRDA:55,4,1,0
BRDA:64,5,0,0
BRDA:64,5,1,0
BRDA:64,6,0,0
BRDA:64,6,1,0
BRDA:70,7,0,0
BRDA:70,7,1,0
BRF:16
BRH:0
end_of_record
TN:
SF:src/routes/admin/payments.ts
FN:12,(anonymous_0)
FN:35,(anonymous_1)
FNF:2
FNH:0
FNDA:0,(anonymous_0)
FNDA:0,(anonymous_1)
DA:5,0
DA:6,0
DA:9,0
DA:12,0
DA:13,0
DA:14,0
DA:15,0
DA:17,0
DA:27,0
DA:29,0
DA:30,0
DA:35,0
DA:36,0
DA:37,0
DA:39,0
DA:48,0
DA:49,0
DA:54,0
DA:56,0
DA:57,0
DA:61,0
LF:21
LH:0
BRDA:14,0,0,0
BRDA:14,1,0,0
BRDA:48,2,0,0
BRDA:48,2,1,0
BRF:4
BRH:0
end_of_record
TN:
SF:src/routes/admin/services.ts
FN:19,(anonymous_0)
FN:41,(anonymous_1)
FN:65,(anonymous_2)
FN:94,(anonymous_3)
FNF:4
FNH:0
FNDA:0,(anonymous_0)
FNDA:0,(anonymous_1)
FNDA:0,(anonymous_2)
FNDA:0,(anonymous_3)
DA:6,0
DA:7,0
DA:9,0
DA:16,0
DA:19,0
DA:20,0
DA:21,0
DA:23,0
DA:29,0
DA:35,0
DA:36,0
DA:41,0
DA:42,0
DA:43,0
DA:44,0
DA:45,0
DA:47,0
DA:48,0
DA:53,0
DA:66,0
DA:67,0
DA:68,0
DA:69,0
DA:72,0
DA:73,0
DA:75,0
DA:81,0
DA:87,0
DA:88,0
DA:94,0
DA:95,0
DA:96,0
DA:97,0
DA:99,0
DA:101,0
DA:102,0
DA:106,0
LF:37
LH:0
BRDA:21,0,0,0
BRDA:21,1,0,0
BRDA:36,2,0,0
BRDA:36,2,1,0
BRDA:48,3,0,0
BRDA:48,3,1,0
BRDA:68,4,0,0
BRDA:68,4,1,0
BRDA:88,5,0,0
BRDA:88,5,1,0
BRDA:102,6,0,0
BRDA:102,6,1,0
BRF:12
BRH:0
end_of_record
TN:
SF:src/routes/admin/subscriptions.ts
FN:23,(anonymous_0)
FN:72,(anonymous_1)
FN:141,(anonymous_2)
FN:253,(anonymous_3)
FN:337,(anonymous_4)
FN:396,(anonymous_5)
FN:436,(anonymous_6)
FN:466,(anonymous_7)
FN:530,(anonymous_8)
FN:612,(anonymous_9)
FNF:10
FNH:0
FNDA:0,(anonymous_0)
FNDA:0,(anonymous_1)
FNDA:0,(anonymous_2)
FNDA:0,(anonymous_3)
FNDA:0,(anonymous_4)
FNDA:0,(anonymous_5)
FNDA:0,(anonymous_6)
FNDA:0,(anonymous_7)
FNDA:0,(anonymous_8)
FNDA:0,(anonymous_9)
DA:5,0
DA:6,0
DA:7,0
DA:8,0
DA:9,0
DA:11,0
DA:13,0
DA:16,0
DA:24,0
DA:25,0
DA:26,0
DA:27,0
DA:29,0
DA:32,0
DA:35,0
DA:37,0
DA:51,0
DA:59,0
DA:65,0
DA:66,0
DA:72,0
DA:73,0
DA:74,0
DA:75,0
DA:77,0
DA:78,0
DA:79,0
DA:81,0
DA:82,0
DA:83,0
DA:84,0
DA:87,0
DA:88,0
DA:89,0
DA:90,0
DA:93,0
DA:98,0
DA:99,0
DA:101,0
DA:111,0
DA:121,0
DA:122,0
DA:127,0
DA:142,0
DA:143,0
DA:144,0
DA:145,0
DA:147,0
DA:150,0
DA:153,0
DA:154,0
DA:160,0
DA:161,0
DA:168,0
DA:169,0
DA:171,0
DA:172,0
DA:174,0
DA:175,0
DA:179,0
DA:185,0
DA:187,0
DA:196,0
DA:205,0
DA:214,0
DA:228,0
DA:234,0
DA:235,0
DA:241,0
DA:254,0
DA:255,0
DA:256,0
DA:257,0
DA:259,0
DA:260,0
DA:263,0
DA:267,0
DA:268,0
DA:273,0
DA:274,0
DA:275,0
DA:277,0
DA:278,0
DA:279,0
DA:281,0
DA:282,0
DA:283,0
DA:286,0
DA:287,0
DA:292,0
DA:294,0
DA:300,0
DA:301,0
DA:307,0
DA:316,0
DA:322,0
DA:323,0
DA:329,0
DA:338,0
DA:339,0
DA:340,0
DA:341,0
DA:343,0
DA:344,0
DA:347,0
DA:351,0
DA:352,0
DA:357,0
DA:360,0
DA:361,0
DA:362,0
DA:364,0
DA:366,0
DA:375,0
DA:383,0
DA:389,0
DA:390,0
DA:396,0
DA:397,0
DA:398,0
DA:401,0
DA:405,0
DA:406,0
DA:412,0
DA:418,0
DA:426,0
DA:428,0
DA:429,0
DA:436,0
DA:437,0
DA:438,0
DA:442,0
DA:444,0
DA:446,0
DA:447,0
DA:452,0
DA:454,0
DA:459,0
DA:467,0
DA:468,0
DA:469,0
DA:470,0
DA:472,0
DA:475,0
DA:478,0
DA:480,0
DA:494,0
DA:495,0
DA:496,0
DA:504,0
DA:509,0
DA:515,0
DA:516,0
DA:517,0
DA:523,0
DA:531,0
DA:532,0
DA:533,0
DA:534,0
DA:536,0
DA:537,0
DA:540,0
DA:544,0
DA:545,0
DA:551,0
DA:553,0
DA:554,0
DA:555,0
DA:557,0
DA:558,0
DA:560,0
DA:561,0
DA:563,0
DA:564,0
DA:566,0
DA:567,0
DA:569,0
DA:570,0
DA:572,0
DA:573,0
DA:577,0
DA:578,0
DA:585,0
DA:591,0
DA:599,0
DA:605,0
DA:606,0
DA:612,0
DA:613,0
DA:614,0
DA:617,0
DA:621,0
DA:622,0
DA:628,0
DA:632,0
DA:634,0
DA:635,0
DA:641,0
DA:646,0
DA:654,0
DA:656,0
DA:657,0
DA:661,0
LF:203
LH:0
BRDA:26,0,0,0
BRDA:26,0,1,0
BRDA:41,1,0,0
BRDA:41,1,1,0
BRDA:43,2,0,0
BRDA:43,2,1,0
BRDA:44,3,0,0
BRDA:44,3,1,0
BRDA:46,4,0,0
BRDA:46,4,1,0
BRDA:74,5,0,0
BRDA:74,6,0,0
BRDA:81,7,0,0
BRDA:81,7,1,0
BRDA:87,8,0,0
BRDA:87,8,1,0
BRDA:144,9,0,0
BRDA:144,9,1,0
BRDA:153,10,0,0
BRDA:153,10,1,0
BRDA:160,11,0,0
BRDA:160,11,1,0
BRDA:171,12,0,0
BRDA:171,12,1,0
BRDA:174,13,0,0
BRDA:174,13,1,0
BRDA:185,14,0,0
BRDA:185,14,1,0
BRDA:215,15,0,0
BRDA:215,15,1,0
BRDA:256,16,0,0
BRDA:256,16,1,0
BRDA:267,17,0,0
BRDA:267,17,1,0
BRDA:277,18,0,0
BRDA:277,18,1,0
BRDA:281,19,0,0
BRDA:281,19,1,0
BRDA:286,20,0,0
BRDA:286,20,1,0
BRDA:300,21,0,0
BRDA:300,21,1,0
BRDA:300,22,0,0
BRDA:300,22,1,0
BRDA:311,23,0,0
BRDA:311,23,1,0
BRDA:340,24,0,0
BRDA:340,24,1,0
BRDA:344,25,0,0
BRDA:351,26,0,0
BRDA:351,26,1,0
BRDA:361,27,0,0
BRDA:361,27,1,0
BRDA:405,28,0,0
BRDA:405,28,1,0
BRDA:446,29,0,0
BRDA:446,29,1,0
BRDA:469,30,0,0
BRDA:469,30,1,0
BRDA:484,31,0,0
BRDA:484,31,1,0
BRDA:486,32,0,0
BRDA:486,32,1,0
BRDA:487,33,0,0
BRDA:487,33,1,0
BRDA:489,34,0,0
BRDA:489,34,1,0
BRDA:494,35,0,0
BRDA:494,35,1,0
BRDA:533,36,0,0
BRDA:533,36,1,0
BRDA:544,37,0,0
BRDA:544,37,1,0
BRDA:553,38,0,0
BRDA:553,38,1,0
BRDA:553,39,0,0
BRDA:553,39,1,0
BRDA:557,40,0,0
BRDA:557,40,1,0
BRDA:557,41,0,0
BRDA:557,41,1,0
BRDA:560,42,0,0
BRDA:560,42,1,0
BRDA:560,43,0,0
BRDA:560,43,1,0
BRDA:563,44,0,0
BRDA:563,44,1,0
BRDA:563,45,0,0
BRDA:563,45,1,0
BRDA:566,46,0,0
BRDA:566,46,1,0
BRDA:566,47,0,0
BRDA:566,47,1,0
BRDA:566,47,2,0
BRDA:566,47,3,0
BRDA:569,48,0,0
BRDA:569,48,1,0
BRDA:569,49,0,0
BRDA:569,49,1,0
BRDA:572,50,0,0
BRDA:572,50,1,0
BRDA:572,51,0,0
BRDA:572,51,1,0
BRDA:577,52,0,0
BRDA:577,52,1,0
BRDA:621,53,0,0
BRDA:621,53,1,0
BRDA:634,54,0,0
BRDA:634,54,1,0
BRF:109
BRH:0
end_of_record
TN:
SF:src/routes/admin/users.ts
FN:21,(anonymous_0)
FN:56,(anonymous_1)
FN:82,(anonymous_2)
FN:110,(anonymous_3)
FN:138,(anonymous_4)
FN:155,(anonymous_5)
FNF:6
FNH:0
FNDA:0,(anonymous_0)
FNDA:0,(anonymous_1)
FNDA:0,(anonymous_2)
FNDA:0,(anonymous_3)
FNDA:0,(anonymous_4)
FNDA:0,(anonymous_5)
DA:6,0
DA:7,0
DA:9,0
DA:18,0
DA:21,0
DA:22,0
DA:23,0
DA:25,0
DA:32,0
DA:38,0
DA:39,0
DA:44,0
DA:57,0
DA:58,0
DA:59,0
DA:60,0
DA:62,0
DA:64,0
DA:69,0
DA:75,0
DA:76,0
DA:82,0
DA:83,0
DA:84,0
DA:85,0
DA:87,0
DA:89,0
DA:90,0
DA:95,0
DA:111,0
DA:112,0
DA:113,0
DA:114,0
DA:116,0
DA:117,0
DA:119,0
DA:125,0
DA:131,0
DA:132,0
DA:138,0
DA:139,0
DA:140,0
DA:141,0
DA:143,0
DA:149,0
DA:150,0
DA:155,0
DA:156,0
DA:157,0
DA:158,0
DA:160,0
DA:162,0
DA:163,0
DA:167,0
LF:54
LH:0
BRDA:23,0,0,0
BRDA:23,1,0,0
BRDA:39,2,0,0
BRDA:39,2,1,0
BRDA:59,3,0,0
BRDA:59,3,1,0
BRDA:76,4,0,0
BRDA:76,4,1,0
BRDA:90,5,0,0
BRDA:90,5,1,0
BRDA:113,6,0,0
BRDA:113,6,1,0
BRDA:132,7,0,0
BRDA:132,7,1,0
BRDA:150,8,0,0
BRDA:150,8,1,0
BRDA:163,9,0,0
BRDA:163,9,1,0
BRF:18
BRH:0
end_of_record
TN:
SF:src/scripts/seed.ts
FN:8,seedDatabase
FN:178,(anonymous_1)
FN:179,(anonymous_2)
FNF:3
FNH:0
FNDA:0,seedDatabase
FNDA:0,(anonymous_1)
FNDA:0,(anonymous_2)
DA:6,0
DA:8,0
DA:9,0
DA:10,0
DA:13,0
DA:24,0
DA:25,0
DA:26,0
DA:27,0
DA:28,0
DA:32,0
DA:36,0
DA:39,0
DA:102,0
DA:103,0
DA:104,0
DA:105,0
DA:106,0
DA:107,0
DA:129,0
DA:130,0
DA:133,0
DA:142,0
DA:146,0
DA:149,0
DA:150,0
DA:152,0
DA:156,0
DA:159,0
DA:163,0
DA:166,0
DA:167,0
DA:170,0
DA:171,0
DA:176,0
DA:177,0
DA:178,0
DA:179,0
LF:38
LH:0
BRDA:27,0,0,0
BRDA:27,0,1,0
BRDA:105,1,0,0
BRDA:105,1,1,0
BRDA:150,2,0,0
BRDA:150,2,1,0
BRDA:176,3,0,0
BRDA:176,3,1,0
BRF:8
BRH:0
end_of_record
TN:
SF:src/services/bookingService.ts
FN:28,(anonymous_0)
FN:55,listBookings
FN:118,getBookingById
FN:140,updateBooking
FN:229,deleteBooking
FN:254,getBookingStats
FNF:6
FNH:0
FNDA:0,(anonymous_0)
FNDA:0,listBookings
FNDA:0,getBookingById
FNDA:0,updateBooking
FNDA:0,deleteBooking
FNDA:0,getBookingStats
DA:6,0
DA:7,0
DA:8,0
DA:28,0
DA:55,0
DA:56,0
DA:57,0
DA:59,0
DA:60,0
DA:61,0
DA:63,0
DA:64,0
DA:65,0
DA:66,0
DA:69,0
DA:70,0
DA:71,0
DA:72,0
DA:75,0
DA:76,0
DA:77,0
DA:78,0
DA:81,0
DA:89,0
DA:90,0
DA:92,0
DA:105,0
DA:118,0
DA:119,0
DA:130,0
DA:131,0
DA:134,0
DA:140,0
DA:146,0
DA:156,0
DA:157,0
DA:161,0
DA:162,0
DA:163,0
DA:164,0
DA:165,0
DA:166,0
DA:167,0
DA:168,0
DA:170,0
DA:171,0
DA:175,0
DA:181,0
DA:182,0
DA:190,0
DA:191,0
DA:201,0
DA:202,0
DA:212,0
DA:213,0
DA:223,0
DA:229,0
DA:231,0
DA:234,0
DA:235,0
DA:239,0
DA:240,0
DA:244,0
DA:246,0
DA:248,0
DA:254,0
DA:255,0
DA:263,0
LF:68
LH:0
BRDA:30,0,0,0
BRDA:30,0,1,0
BRDA:31,1,0,0
BRDA:31,1,1,0
BRDA:32,2,0,0
BRDA:32,2,1,0
BRDA:32,2,2,0
BRDA:33,3,0,0
BRDA:33,3,1,0
BRDA:34,4,0,0
BRDA:34,4,1,0
BRDA:35,5,0,0
BRDA:35,5,1,0
BRDA:39,6,0,0
BRDA:39,6,1,0
BRDA:40,7,0,0
BRDA:40,7,1,0
BRDA:41,8,0,0
BRDA:41,8,1,0
BRDA:41,8,2,0
BRDA:42,9,0,0
BRDA:42,9,1,0
BRDA:42,9,2,0
BRDA:43,10,0,0
BRDA:43,10,1,0
BRDA:43,10,2,0
BRDA:44,11,0,0
BRDA:44,11,1,0
BRDA:44,11,2,0
BRDA:45,12,0,0
BRDA:45,12,1,0
BRDA:45,12,2,0
BRDA:46,13,0,0
BRDA:46,13,1,0
BRDA:46,13,2,0
BRDA:47,14,0,0
BRDA:47,14,1,0
BRDA:47,14,2,0
BRDA:48,15,0,0
BRDA:48,15,1,0
BRDA:48,15,2,0
BRDA:49,16,0,0
BRDA:49,16,1,0
BRDA:49,16,2,0
BRDA:56,17,0,0
BRDA:56,18,0,0
BRDA:63,19,0,0
BRDA:63,19,1,0
BRDA:69,20,0,0
BRDA:69,20,1,0
BRDA:75,21,0,0
BRDA:75,21,1,0
BRDA:130,22,0,0
BRDA:130,22,1,0
BRDA:156,23,0,0
BRDA:156,23,1,0
BRDA:162,24,0,0
BRDA:162,24,1,0
BRDA:163,25,0,0
BRDA:163,25,1,0
BRDA:164,26,0,0
BRDA:164,26,1,0
BRDA:165,27,0,0
BRDA:165,27,1,0
BRDA:166,28,0,0
BRDA:166,28,1,0
BRDA:167,29,0,0
BRDA:167,29,1,0
BRDA:168,30,0,0
BRDA:168,30,1,0
BRDA:170,31,0,0
BRDA:170,31,1,0
BRDA:181,32,0,0
BRDA:181,32,1,0
BRDA:190,33,0,0
BRDA:190,33,1,0
BRDA:194,34,0,0
BRDA:194,34,1,0
BRDA:194,35,0,0
BRDA:194,35,1,0
BRDA:195,36,0,0
BRDA:195,36,1,0
BRDA:201,37,0,0
BRDA:201,37,1,0
BRDA:205,38,0,0
BRDA:205,38,1,0
BRDA:205,39,0,0
BRDA:205,39,1,0
BRDA:206,40,0,0
BRDA:206,40,1,0
BRDA:212,41,0,0
BRDA:212,41,1,0
BRDA:216,42,0,0
BRDA:216,42,1,0
BRDA:217,43,0,0
BRDA:217,43,1,0
BRDA:234,44,0,0
BRDA:234,44,1,0
BRDA:239,45,0,0
BRDA:239,45,1,0
BRF:100
BRH:0
end_of_record
TN:
SF:src/services/categoryService.ts
FN:28,listCategories
FN:38,(anonymous_1)
FN:55,getCategoryById
FN:86,createCategory
FN:116,updateCategory
FN:166,deleteCategory
FNF:6
FNH:0
FNDA:0,listCategories
FNDA:0,(anonymous_1)
FNDA:0,getCategoryById
FNDA:0,createCategory
FNDA:0,updateCategory
FNDA:0,deleteCategory
DA:6,0
DA:7,0
DA:28,0
DA:29,0
DA:38,0
DA:55,0
DA:56,0
DA:65,0
DA:66,0
DA:69,0
DA:86,0
DA:87,0
DA:89,0
DA:100,0
DA:101,0
DA:110,0
DA:116,0
DA:122,0
DA:126,0
DA:127,0
DA:131,0
DA:132,0
DA:133,0
DA:134,0
DA:135,0
DA:136,0
DA:137,0
DA:138,0
DA:140,0
DA:141,0
DA:144,0
DA:150,0
DA:151,0
DA:160,0
DA:166,0
DA:168,0
DA:175,0
DA:176,0
DA:180,0
DA:181,0
DA:186,0
DA:191,0
DA:192,0
DA:201,0
LF:44
LH:0
BRDA:65,0,0,0
BRDA:65,0,1,0
BRDA:100,1,0,0
BRDA:100,1,1,0
BRDA:126,2,0,0
BRDA:126,2,1,0
BRDA:132,3,0,0
BRDA:132,3,1,0
BRDA:133,4,0,0
BRDA:133,4,1,0
BRDA:134,5,0,0
BRDA:134,5,1,0
BRDA:135,6,0,0
BRDA:135,6,1,0
BRDA:136,7,0,0
BRDA:136,7,1,0
BRDA:137,8,0,0
BRDA:137,8,1,0
BRDA:140,9,0,0
BRDA:140,9,1,0
BRDA:150,10,0,0
BRDA:150,10,1,0
BRDA:175,11,0,0
BRDA:175,11,1,0
BRDA:180,12,0,0
BRDA:180,12,1,0
BRDA:191,13,0,0
BRDA:191,13,1,0
BRF:28
BRH:0
end_of_record
TN:
SF:src/services/emailService.ts
FN:12,(anonymous_0)
FN:29,(anonymous_1)
FN:54,(anonymous_2)
FN:72,(anonymous_3)
FNF:4
FNH:0
FNDA:0,(anonymous_0)
FNDA:0,(anonymous_1)
FNDA:0,(anonymous_2)
FNDA:0,(anonymous_3)
DA:6,0
DA:7,0
DA:16,0
DA:18,0
DA:19,0
DA:21,0
DA:22,0
DA:39,0
DA:40,0
DA:41,0
DA:42,0
DA:43,0
DA:44,0
DA:46,0
DA:47,0
DA:60,0
DA:61,0
DA:62,0
DA:64,0
DA:65,0
DA:76,0
DA:77,0
DA:78,0
DA:79,0
DA:81,0
DA:82,0
DA:87,0
LF:27
LH:0
BRDA:77,0,0,0
BRDA:77,0,1,0
BRDA:7,1,0,0
BRDA:7,1,1,0
BRF:4
BRH:0
end_of_record
TN:
SF:src/services/geolocationService.ts
FN:20,calculateDistance
FN:39,validateCoordinates
FN:50,filterByDistance
FN:55,(anonymous_3)
FN:66,sortByDistance
FN:70,(anonymous_5)
FN:87,parseGeocodingResponse
FN:97,getFallbackGeocodingResult
FNF:8
FNH:8
FNDA:10,calculateDistance
FNDA:11,validateCoordinates
FNDA:1,filterByDistance
FNDA:3,(anonymous_3)
FNDA:1,sortByDistance
FNDA:2,(anonymous_5)
FNDA:1,parseGeocodingResponse
FNDA:1,getFallbackGeocodingResult
DA:18,1
DA:20,1
DA:26,10
DA:27,10
DA:29,10
DA:34,10
DA:36,10
DA:39,1
DA:40,11
DA:50,1
DA:55,1
DA:56,3
DA:62,3
DA:66,1
DA:70,1
DA:71,2
DA:77,2
DA:83,2
DA:87,1
DA:90,1
DA:97,1
DA:98,1
LF:22
LH:22
BRDA:41,0,0,11
BRDA:41,0,1,10
BRDA:41,0,2,9
BRDA:41,0,3,8
BRDA:41,0,4,7
BRDA:41,0,5,6
BRF:6
BRH:6
end_of_record
TN:
SF:src/services/index.ts
FN:6,(anonymous_5)
FN:7,(anonymous_6)
FNF:2
FNH:0
FNDA:0,(anonymous_5)
FNDA:0,(anonymous_6)
DA:6,0
DA:7,0
DA:10,0
DA:11,0
DA:12,0
DA:13,0
DA:14,0
DA:15,0
LF:8
LH:0
BRF:0
BRH:0
end_of_record
TN:
SF:src/services/notificationService.ts
FN:16,ensureNotificationSchema
FN:18,(anonymous_1)
FN:23,(anonymous_2)
FN:35,createNotification
FN:72,createFormattedNotification
FN:112,createStandardNotification
FN:154,getNotificationTitle
FNF:7
FNH:0
FNDA:0,ensureNotificationSchema
FNDA:0,(anonymous_1)
FNDA:0,(anonymous_2)
FNDA:0,createNotification
FNDA:0,createFormattedNotification
FNDA:0,createStandardNotification
FNDA:0,getNotificationTitle
DA:6,0
DA:7,0
DA:14,0
DA:16,0
DA:17,0
DA:18,0
DA:19,0
DA:24,0
DA:25,0
DA:29,0
DA:35,0
DA:43,0
DA:44,0
DA:46,0
DA:57,0
DA:59,0
DA:63,0
DA:65,0
DA:72,0
DA:81,0
DA:83,0
DA:85,0
DA:96,0
DA:105,0
DA:112,0
DA:121,0
DA:122,0
DA:123,0
DA:125,0
DA:138,0
DA:147,0
DA:155,0
DA:169,0
LF:33
LH:0
BRDA:17,0,0,0
BRDA:17,0,1,0
BRDA:39,1,0,0
BRDA:57,2,0,0
BRDA:57,2,1,0
BRDA:61,3,0,0
BRDA:61,3,1,0
BRDA:76,4,0,0
BRDA:116,5,0,0
BRDA:169,6,0,0
BRDA:169,6,1,0
BRF:11
BRH:0
end_of_record
TN:
SF:src/services/paymentService.ts
FN:12,processSubscriptionPayment
FNF:1
FNH:0
FNDA:0,processSubscriptionPayment
DA:6,0
DA:7,0
DA:12,0
DA:18,0
DA:20,0
DA:25,0
DA:26,0
DA:29,0
DA:30,0
DA:31,0
DA:35,0
DA:42,0
DA:51,0
DA:52,0
LF:14
LH:0
BRDA:25,0,0,0
BRDA:25,0,1,0
BRDA:30,1,0,0
BRDA:30,1,1,0
BRF:4
BRH:0
end_of_record
TN:
SF:src/services/serviceService.ts
FN:10,(anonymous_0)
FN:31,listServices
FN:85,(anonymous_2)
FN:116,getServiceById
FN:162,updateService
FN:227,deleteService
FNF:6
FNH:0
FNDA:0,(anonymous_0)
FNDA:0,listServices
FNDA:0,(anonymous_2)
FNDA:0,getServiceById
FNDA:0,updateService
FNDA:0,deleteService
DA:6,0
DA:7,0
DA:8,0
DA:10,0
DA:11,0
DA:31,0
DA:32,0
DA:33,0
DA:34,0
DA:35,0
DA:38,0
DA:39,0
DA:40,0
DA:44,0
DA:45,0
DA:47,0
DA:48,0
DA:73,0
DA:75,0
DA:81,0
DA:85,0
DA:103,0
DA:116,0
DA:117,0
DA:136,0
DA:137,0
DA:140,0
DA:162,0
DA:168,0
DA:173,0
DA:174,0
DA:178,0
DA:179,0
DA:180,0
DA:181,0
DA:182,0
DA:183,0
DA:184,0
DA:186,0
DA:187,0
DA:191,0
DA:197,0
DA:198,0
DA:208,0
DA:209,0
DA:218,0
DA:227,0
DA:229,0
DA:233,0
DA:234,0
DA:238,0
DA:242,0
DA:243,0
DA:248,0
DA:251,0
DA:252,0
DA:262,0
DA:263,0
DA:272,0
LF:59
LH:0
BRDA:11,0,0,0
BRDA:11,0,1,0
BRDA:32,1,0,0
BRDA:32,2,0,0
BRDA:39,3,0,0
BRDA:39,3,1,0
BRDA:95,4,0,0
BRDA:95,4,1,0
BRDA:96,5,0,0
BRDA:96,5,1,0
BRDA:97,6,0,0
BRDA:97,6,1,0
BRDA:98,7,0,0
BRDA:98,7,1,0
BRDA:136,8,0,0
BRDA:136,8,1,0
BRDA:150,9,0,0
BRDA:150,9,1,0
BRDA:151,10,0,0
BRDA:151,10,1,0
BRDA:152,11,0,0
BRDA:152,11,1,0
BRDA:153,12,0,0
BRDA:153,12,1,0
BRDA:173,13,0,0
BRDA:173,13,1,0
BRDA:179,14,0,0
BRDA:179,14,1,0
BRDA:180,15,0,0
BRDA:180,15,1,0
BRDA:181,16,0,0
BRDA:181,16,1,0
BRDA:182,17,0,0
BRDA:182,17,1,0
BRDA:183,18,0,0
BRDA:183,18,1,0
BRDA:184,19,0,0
BRDA:184,19,1,0
BRDA:186,20,0,0
BRDA:186,20,1,0
BRDA:197,21,0,0
BRDA:197,21,1,0
BRDA:208,22,0,0
BRDA:208,22,1,0
BRDA:233,23,0,0
BRDA:233,23,1,0
BRDA:242,24,0,0
BRDA:242,24,1,0
BRDA:251,25,0,0
BRDA:251,25,1,0
BRDA:262,26,0,0
BRDA:262,26,1,0
BRF:52
BRH:0
end_of_record
TN:
SF:src/services/userService.ts
FN:36,(anonymous_0)
FN:53,(anonymous_1)
FN:82,listUsers
FN:132,createUser
FN:202,updateUser
FN:281,verifyProvider
FN:341,deleteUser
FN:392,getUserById
FNF:8
FNH:5
FNDA:3,(anonymous_0)
FNDA:1,(anonymous_1)
FNDA:0,listUsers
FNDA:3,createUser
FNDA:0,updateUser
FNDA:3,verifyProvider
FNDA:0,deleteUser
FNDA:2,getUserById
DA:7,1
DA:8,1
DA:36,3
DA:53,1
DA:82,1
DA:83,0
DA:84,0
DA:86,0
DA:87,0
DA:88,0
DA:90,0
DA:91,0
DA:92,0
DA:93,0
DA:96,0
DA:97,0
DA:98,0
DA:99,0
DA:102,0
DA:107,0
DA:119,0
DA:132,1
DA:133,3
DA:136,3
DA:140,3
DA:141,1
DA:144,2
DA:150,2
DA:153,2
DA:162,2
DA:164,1
DA:170,1
DA:171,2
DA:184,2
DA:185,0
DA:196,2
DA:202,1
DA:204,0
DA:205,0
DA:206,0
DA:210,0
DA:211,0
DA:215,0
DA:216,0
DA:220,0
DA:221,0
DA:222,0
DA:224,0
DA:225,0
DA:226,0
DA:228,0
DA:229,0
DA:230,0
DA:232,0
DA:233,0
DA:234,0
DA:236,0
DA:237,0
DA:238,0
DA:240,0
DA:241,0
DA:242,0
DA:244,0
DA:245,0
DA:246,0
DA:249,0
DA:250,0
DA:253,0
DA:254,0
DA:256,0
DA:262,0
DA:263,0
DA:264,0
DA:275,0
DA:281,1
DA:283,3
DA:288,3
DA:289,1
DA:292,2
DA:293,1
DA:297,1
DA:303,1
DA:304,1
DA:309,0
DA:316,1
DA:317,1
DA:325,1
DA:335,1
DA:341,1
DA:343,0
DA:347,0
DA:350,0
DA:351,0
DA:355,0
DA:358,0
DA:364,0
DA:367,0
DA:370,0
DA:373,0
DA:376,0
DA:377,0
DA:386,0
DA:392,1
DA:393,2
DA:403,2
DA:404,1
DA:407,1
LF:107
LH:39
BRDA:39,0,0,3
BRDA:39,0,1,0
BRDA:39,0,2,0
BRDA:40,1,0,3
BRDA:40,1,1,0
BRDA:40,1,2,0
BRDA:41,2,0,3
BRDA:41,2,1,1
BRDA:43,3,0,3
BRDA:43,3,1,3
BRDA:43,3,2,3
BRDA:44,4,0,3
BRDA:44,4,1,2
BRDA:44,4,2,2
BRDA:46,5,0,0
BRDA:46,5,1,3
BRDA:46,6,0,3
BRDA:46,6,1,3
BRDA:47,7,0,0
BRDA:47,7,1,0
BRDA:49,8,0,3
BRDA:49,8,1,1
BRDA:49,8,2,1
BRDA:50,9,0,3
BRDA:50,9,1,3
BRDA:50,9,2,3
BRDA:55,10,0,1
BRDA:55,10,1,0
BRDA:56,11,0,1
BRDA:56,11,1,1
BRDA:56,11,2,1
BRDA:57,12,0,1
BRDA:57,12,1,1
BRDA:58,13,0,1
BRDA:58,13,1,1
BRDA:59,14,0,1
BRDA:59,14,1,1
BRDA:59,14,2,1
BRDA:60,15,0,1
BRDA:60,15,1,1
BRDA:60,15,2,1
BRDA:61,16,0,1
BRDA:61,16,1,1
BRDA:62,17,0,1
BRDA:62,17,1,1
BRDA:63,18,0,1
BRDA:63,18,1,1
BRDA:64,19,0,1
BRDA:64,19,1,1
BRDA:65,20,0,1
BRDA:65,20,1,1
BRDA:65,20,2,1
BRDA:66,21,0,1
BRDA:66,21,1,1
BRDA:66,21,2,1
BRDA:67,22,0,1
BRDA:67,22,1,1
BRDA:67,22,2,1
BRDA:68,23,0,1
BRDA:68,23,1,1
BRDA:69,24,0,1
BRDA:69,24,1,1
BRDA:69,24,2,1
BRDA:70,25,0,1
BRDA:70,25,1,1
BRDA:70,25,2,1
BRDA:71,26,0,1
BRDA:71,26,1,0
BRDA:71,26,2,0
BRDA:72,27,0,1
BRDA:72,27,1,1
BRDA:72,27,2,1
BRDA:73,28,0,1
BRDA:73,28,1,1
BRDA:74,29,0,1
BRDA:74,29,1,1
BRDA:75,30,0,1
BRDA:75,30,1,1
BRDA:75,30,2,1
BRDA:76,31,0,1
BRDA:76,31,1,1
BRDA:76,31,2,1
BRDA:83,32,0,0
BRDA:83,33,0,0
BRDA:90,34,0,0
BRDA:90,34,1,0
BRDA:96,35,0,0
BRDA:96,35,1,0
BRDA:133,36,0,1
BRDA:140,37,0,1
BRDA:140,37,1,2
BRDA:147,38,0,2
BRDA:147,38,1,0
BRDA:158,39,0,1
BRDA:158,39,1,1
BRDA:162,40,0,1
BRDA:162,40,1,1
BRDA:184,41,0,0
BRDA:184,41,1,2
BRDA:205,42,0,0
BRDA:205,42,1,0
BRDA:210,43,0,0
BRDA:210,43,1,0
BRDA:215,44,0,0
BRDA:215,44,1,0
BRDA:224,45,0,0
BRDA:224,45,1,0
BRDA:228,46,0,0
BRDA:228,46,1,0
BRDA:232,47,0,0
BRDA:232,47,1,0
BRDA:236,48,0,0
BRDA:236,48,1,0
BRDA:240,49,0,0
BRDA:240,49,1,0
BRDA:244,50,0,0
BRDA:244,50,1,0
BRDA:249,51,0,0
BRDA:249,51,1,0
BRDA:262,52,0,0
BRDA:262,52,1,0
BRDA:288,53,0,1
BRDA:288,53,1,2
BRDA:292,54,0,1
BRDA:292,54,1,1
BRDA:303,55,0,1
BRDA:303,55,1,0
BRDA:350,56,0,0
BRDA:350,56,1,0
BRDA:376,57,0,0
BRDA:376,57,1,0
BRDA:403,58,0,1
BRDA:403,58,1,1
BRF:133
BRH:88
end_of_record
TN:
SF:src/utils/apiResponse.ts
FN:22,(anonymous_0)
FN:38,(anonymous_1)
FN:53,(anonymous_2)
FN:69,(anonymous_3)
FN:80,(anonymous_4)
FN:90,(anonymous_5)
FN:100,(anonymous_6)
FN:110,(anonymous_7)
FNF:8
FNH:0
FNDA:0,(anonymous_0)
FNDA:0,(anonymous_1)
FNDA:0,(anonymous_2)
FNDA:0,(anonymous_3)
FNDA:0,(anonymous_4)
FNDA:0,(anonymous_5)
FNDA:0,(anonymous_6)
FNDA:0,(anonymous_7)
DA:22,0
DA:28,0
DA:38,0
DA:43,0
DA:53,0
DA:59,0
DA:69,0
DA:74,0
DA:80,0
DA:84,0
DA:90,0
DA:94,0
DA:100,0
DA:104,0
DA:110,0
DA:118,0
DA:119,0
LF:17
LH:0
BRDA:25,0,0,0
BRDA:26,1,0,0
BRDA:41,2,0,0
BRDA:55,3,0,0
BRDA:56,4,0,0
BRDA:71,5,0,0
BRDA:82,6,0,0
BRDA:92,7,0,0
BRDA:102,8,0,0
BRDA:116,9,0,0
BRF:10
BRH:0
end_of_record
TN:
SF:src/utils/index.ts
FNF:0
FNH:0
DA:5,0
LF:1
LH:0
BRF:0
BRH:0
end_of_record
TN:
SF:src/utils/notificationFormatter.ts
FN:32,formatNotificationMessage
FN:60,createStandardNotificationMessage
FNF:2
FNH:0
FNDA:0,formatNotificationMessage
FNDA:0,createStandardNotificationMessage
DA:32,0
DA:38,0
DA:40,0
DA:41,0
DA:42,0
DA:49,0
DA:50,0
DA:54,0
DA:60,0
DA:66,0
DA:95,0
DA:96,0
DA:98,0
LF:13
LH:0
BRDA:38,0,0,0
BRDA:38,0,1,0
BRDA:38,1,0,0
BRDA:38,1,1,0
BRDA:40,2,0,0
BRDA:40,2,1,0
BRDA:40,3,0,0
BRDA:40,3,1,0
BRDA:49,4,0,0
BRDA:49,4,1,0
BRDA:49,5,0,0
BRDA:49,5,1,0
BRDA:71,6,0,0
BRDA:71,6,1,0
BRDA:95,7,0,0
BRDA:95,7,1,0
BRDA:96,8,0,0
BRDA:96,8,1,0
BRDA:98,9,0,0
BRDA:98,9,1,0
BRF:20
BRH:0
end_of_record
TN:
SF:src/validations/index.ts
FN:13,(anonymous_0)
FN:30,(anonymous_1)
FN:41,(anonymous_2)
FN:60,(anonymous_3)
FN:78,(anonymous_4)
FN:94,(anonymous_5)
FN:113,(anonymous_6)
FN:131,(anonymous_7)
FN:145,(anonymous_8)
FN:159,(anonymous_9)
FN:173,(anonymous_10)
FN:187,(anonymous_11)
FN:201,(anonymous_12)
FN:215,(anonymous_13)
FN:230,(anonymous_14)
FN:245,(anonymous_15)
FN:277,(anonymous_16)
FN:279,(anonymous_17)
FN:283,(anonymous_18)
FN:295,(anonymous_19)
FN:310,(anonymous_20)
FN:325,(anonymous_21)
FN:339,(anonymous_22)
FN:353,(anonymous_23)
FN:367,(anonymous_24)
FNF:25
FNH:0
FNDA:0,(anonymous_0)
FNDA:0,(anonymous_1)
FNDA:0,(anonymous_2)
FNDA:0,(anonymous_3)
FNDA:0,(anonymous_4)
FNDA:0,(anonymous_5)
FNDA:0,(anonymous_6)
FNDA:0,(anonymous_7)
FNDA:0,(anonymous_8)
FNDA:0,(anonymous_9)
FNDA:0,(anonymous_10)
FNDA:0,(anonymous_11)
FNDA:0,(anonymous_12)
FNDA:0,(anonymous_13)
FNDA:0,(anonymous_14)
FNDA:0,(anonymous_15)
FNDA:0,(anonymous_16)
FNDA:0,(anonymous_17)
FNDA:0,(anonymous_18)
FNDA:0,(anonymous_19)
FNDA:0,(anonymous_20)
FNDA:0,(anonymous_21)
FNDA:0,(anonymous_22)
FNDA:0,(anonymous_23)
FNDA:0,(anonymous_24)
DA:6,0
DA:13,0
DA:14,0
DA:18,0
DA:30,0
DA:31,0
DA:41,0
DA:42,0
DA:43,0
DA:60,0
DA:61,0
DA:78,0
DA:79,0
DA:94,0
DA:100,0
DA:113,0
DA:118,0
DA:131,0
DA:132,0
DA:145,0
DA:146,0
DA:159,0
DA:160,0
DA:173,0
DA:174,0
DA:187,0
DA:188,0
DA:201,0
DA:202,0
DA:215,0
DA:216,0
DA:217,0
DA:230,0
DA:231,0
DA:245,0
DA:246,0
DA:254,0
DA:262,0
DA:264,0
DA:277,0
DA:278,0
DA:279,0
DA:280,0
DA:281,0
DA:284,0
DA:289,0
DA:295,0
DA:296,0
DA:297,0
DA:310,0
DA:311,0
DA:312,0
DA:325,0
DA:326,0
DA:339,0
DA:340,0
DA:353,0
DA:354,0
DA:367,0
DA:380,0
DA:390,0
DA:396,0
DA:407,0
DA:410,0
DA:424,0
DA:438,0
DA:446,0
DA:452,0
DA:472,0
DA:492,0
DA:516,0
DA:523,0
LF:72
LH:0
BRDA:13,0,0,0
BRDA:18,1,0,0
BRDA:18,1,1,0
BRDA:30,2,0,0
BRDA:31,3,0,0
BRDA:31,3,1,0
BRDA:41,4,0,0
BRDA:43,5,0,0
BRDA:43,5,1,0
BRDA:60,6,0,0
BRDA:61,7,0,0
BRDA:61,7,1,0
BRDA:78,8,0,0
BRDA:79,9,0,0
BRDA:79,9,1,0
BRDA:96,10,0,0
BRDA:97,11,0,0
BRDA:98,12,0,0
BRDA:100,13,0,0
BRDA:100,13,1,0
BRDA:115,14,0,0
BRDA:116,15,0,0
BRDA:118,16,0,0
BRDA:118,16,1,0
BRDA:131,17,0,0
BRDA:132,18,0,0
BRDA:132,18,1,0
BRDA:145,19,0,0
BRDA:145,20,0,0
BRDA:146,21,0,0
BRDA:146,21,1,0
BRDA:159,22,0,0
BRDA:160,23,0,0
BRDA:160,23,1,0
BRDA:173,24,0,0
BRDA:174,25,0,0
BRDA:174,25,1,0
BRDA:187,26,0,0
BRDA:188,27,0,0
BRDA:188,27,1,0
BRDA:201,28,0,0
BRDA:202,29,0,0
BRDA:202,29,1,0
BRDA:215,30,0,0
BRDA:217,31,0,0
BRDA:217,31,1,0
BRDA:230,32,0,0
BRDA:231,33,0,0
BRDA:231,33,1,0
BRDA:245,34,0,0
BRDA:264,35,0,0
BRDA:264,35,1,0
BRDA:277,36,0,0
BRDA:284,37,0,0
BRDA:284,37,1,0
BRDA:289,38,0,0
BRDA:289,38,1,0
BRDA:295,39,0,0
BRDA:297,40,0,0
BRDA:297,40,1,0
BRDA:310,41,0,0
BRDA:312,42,0,0
BRDA:312,42,1,0
BRDA:325,43,0,0
BRDA:326,44,0,0
BRDA:326,44,1,0
BRDA:339,45,0,0
BRDA:340,46,0,0
BRDA:340,46,1,0
BRDA:353,47,0,0
BRDA:354,48,0,0
BRDA:354,48,1,0
BRF:72
BRH:0
end_of_record
